2025-06-12 02:50:42,234 - INFO - Starting QApplication
2025-06-12 02:50:42,242 - INFO - Initializing ParserApp
2025-06-12 02:50:42,361 - INFO - ParserApp UI initialized successfully
2025-06-12 02:50:42,428 - INFO - Application window shown
2025-06-12 02:50:47,908 - INFO - Start parsing button clicked
2025-06-12 02:50:47,909 - INFO - Starting parsing with query='кран шаровой', max_products=15, output_file='ozon_products.xlsx'
2025-06-12 02:50:47,912 - INFO - Запуск парсера с запросом: кран шаровой
2025-06-12 02:50:47,915 - INFO - Инициализация браузера
2025-06-12 02:51:00,011 - INFO - Переход на сайт Ozon
2025-06-12 02:51:04,979 - INFO - Ввод поискового запроса: кран шаровой
2025-06-12 02:51:12,127 - INFO - Поисковый запрос отправлен
2025-06-12 02:51:12,130 - INFO - Браузер успешно открыт
2025-06-12 02:51:14,096 - INFO - Собрано ссылок: 15
2025-06-12 02:51:14,098 - INFO - Найдено товаров: 15
2025-06-12 02:51:14,108 - INFO - Рабочая вкладка открыта
2025-06-12 02:51:14,116 - INFO - Обработка товара 1
2025-06-12 02:51:14,118 - INFO - Обработка URL товара: https://www.ozon.ru/product/kran-sharovyy-dlya-vody-1-1-4-stm-standart-vnutrennyaya-rezba-ruchka-rychag-174272829/?at=z6tOYZkRzcwXnGZPsxGMp3KF06mvqlfQWPo3Zu92LMNn
2025-06-12 02:51:15,946 - INFO - Получение данных продавца по ссылке: https://www.ozon.ru/seller/25830/
2025-06-12 02:51:18,565 - INFO - Нажата кнопка информации о продавце
2025-06-12 02:51:18,615 - INFO - Извлечены данные продавца: ООО САНТИМ-СТОЛИЦА117418, Г.Москва, Москва, Новочерёмушкинская, 61, э.41, ИНН: 177746291623
2025-06-12 02:51:18,621 - INFO - Данные о товаре собраны: Кран шаровый для воды 1-1/4" СTM СТАНДАРТ внутренняя резьба ручка-рычаг
2025-06-12 02:51:18,630 - INFO - Обработка товара 2
2025-06-12 02:51:18,633 - INFO - Обработка URL товара: https://www.ozon.ru/product/kran-polipropilenovyy-25-mm-4-sht-kran-sharovoy-dlya-vody-fiting-dlya-ppr-trub-1580604457/?at=DqtDLzEBZUx98EPzH3XDy3Wi4MRrvBCxLwnnPC8M75Kq
2025-06-12 02:51:19,469 - INFO - Получение данных продавца по ссылке: https://www.ozon.ru/seller/1369103/
2025-06-12 02:51:21,995 - INFO - Нажата кнопка информации о продавце
2025-06-12 02:51:22,045 - INFO - Извлечены данные продавца: ООО "Р-СЕРВИС"129226, г. Москва, ул. Сельскохозяйственная, д.11, корп.3, эт.1, пом.II, ком.1 (РМ140)1, ИНН: 227700433850
2025-06-12 02:51:22,048 - INFO - Данные о товаре собраны: Кран полипропиленовый 25 мм, 4 шт, кран шаровой для воды, фитинг для ППР труб
2025-06-12 02:51:22,067 - INFO - Обработка товара 3
2025-06-12 02:51:22,068 - INFO - Обработка URL товара: https://www.ozon.ru/product/kran-polipropilenovyy-25-mm-3-sht-kran-sharovoy-dlya-vody-fiting-dlya-ppr-trub-1580603478/?at=GRt2NRDJ9FjXr42McwDmBNwf4ZvGYpF8z7g1vTP9Pqo6
2025-06-12 02:51:22,709 - INFO - Получение данных продавца по ссылке: https://www.ozon.ru/seller/1369103/
2025-06-12 02:51:25,159 - INFO - Нажата кнопка информации о продавце
2025-06-12 02:51:25,211 - INFO - Извлечены данные продавца: ООО "Р-СЕРВИС"129226, г. Москва, ул. Сельскохозяйственная, д.11, корп.3, эт.1, пом.II, ком.1 (РМ140)1, ИНН: 227700433850
2025-06-12 02:51:25,214 - INFO - Данные о товаре собраны: Кран полипропиленовый 25 мм, 3 шт, кран шаровой для воды, фитинг для ППР труб
2025-06-12 02:51:25,214 - INFO - Обработка товара 4
2025-06-12 02:51:25,215 - INFO - Обработка URL товара: https://www.ozon.ru/product/kran-polipropilenovyy-32-mm-4-sht-kran-sharovoy-dlya-vody-fiting-dlya-ppr-trub-1580608927/?at=DqtDLzEBZUo1n3Evhq577QJFJGmEODhGEzO4DuZV7W3l
2025-06-12 02:51:25,865 - INFO - Получение данных продавца по ссылке: https://www.ozon.ru/seller/1369103/
2025-06-12 02:51:28,314 - INFO - Нажата кнопка информации о продавце
2025-06-12 02:51:28,376 - INFO - Извлечены данные продавца: ООО "Р-СЕРВИС"129226, г. Москва, ул. Сельскохозяйственная, д.11, корп.3, эт.1, пом.II, ком.1 (РМ140)1, ИНН: 227700433850
2025-06-12 02:51:28,379 - INFO - Данные о товаре собраны: Кран полипропиленовый 32 мм, 4 шт, кран шаровой для воды, фитинг для ППР труб
2025-06-12 02:51:28,393 - INFO - Обработка товара 5
2025-06-12 02:51:28,394 - INFO - Обработка URL товара: https://www.ozon.ru/product/kran-sharovyy-bugatti-301-1-2-vv-ruchka-1309408927/?at=RltyD1MrXu0xXlWWT6ok7N0FvwXgr6cMBxQDHK165JJ
2025-06-12 02:51:29,710 - INFO - Получение данных продавца по ссылке: https://www.ozon.ru/seller/1540933/
2025-06-12 02:51:32,168 - INFO - Нажата кнопка информации о продавце
2025-06-12 02:51:32,224 - INFO - Извлечены данные продавца: ИП Калантарян Лиана Жораевна, ИНН: 313344321400080
2025-06-12 02:51:32,226 - INFO - Данные о товаре собраны: Кран шаровый Bugatti (301) 1/2" ВВ ручка
2025-06-12 02:51:32,227 - INFO - Обработка товара 6
2025-06-12 02:51:32,229 - INFO - Обработка URL товара: https://www.ozon.ru/product/kran-sharovyy-bugatti-327-1-2-nn-babochka-1309408726/?at=qQtJy3EOvcpzDlGvs0w9rGnhJ3Wqr8fY7jNNXiypX9RJ
2025-06-12 02:51:33,388 - INFO - Получение данных продавца по ссылке: https://www.ozon.ru/seller/1540933/
2025-06-12 02:51:35,814 - INFO - Нажата кнопка информации о продавце
2025-06-12 02:51:35,869 - INFO - Извлечены данные продавца: ИП Калантарян Лиана Жораевна, ИНН: 313344321400080
2025-06-12 02:51:35,871 - INFO - Данные о товаре собраны: Кран шаровый Bugatti (327) 1/2" НН бабочка
2025-06-12 02:51:35,887 - INFO - Обработка товара 7
2025-06-12 02:51:35,888 - INFO - Обработка URL товара: https://www.ozon.ru/product/bugatti-kran-sharovoy-vp-nr-stalnoy-rychag-art-306-3-4-2038138704/?at=lRt6w8VolCmRgJpvIlOGQzMuE27wLkTxKgvPQTgpGqjP
2025-06-12 02:51:36,493 - INFO - Получение данных продавца по ссылке: https://www.ozon.ru/seller/771393/
2025-06-12 02:51:38,937 - INFO - Нажата кнопка информации о продавце
2025-06-12 02:51:38,988 - INFO - Извлечены данные продавца: ИП Айвазян Артур Самвелович, ИНН: 322774600721463
2025-06-12 02:51:38,990 - INFO - Данные о товаре собраны: BUGATTI Кран шаровой, ВP/НР, стальной рычаг, арт.306, 3/4"
2025-06-12 02:51:38,991 - INFO - Обработка товара 8
2025-06-12 02:51:38,992 - INFO - Обработка URL товара: https://www.ozon.ru/product/kran-polipropilenovyy-25-mm-10-sht-kran-sharovoy-dlya-vody-fiting-dlya-ppr-trub-1580605754/?at=83tB502jgUzlAKJRInJRZnKH40lYwRhyQVEBmHpXkx4P
2025-06-12 02:51:39,643 - INFO - Получение данных продавца по ссылке: https://www.ozon.ru/seller/1369103/
2025-06-12 02:51:42,078 - INFO - Нажата кнопка информации о продавце
2025-06-12 02:51:42,129 - INFO - Извлечены данные продавца: ООО "Р-СЕРВИС"129226, г. Москва, ул. Сельскохозяйственная, д.11, корп.3, эт.1, пом.II, ком.1 (РМ140)1, ИНН: 227700433850
2025-06-12 02:51:42,131 - INFO - Данные о товаре собраны: Кран полипропиленовый 25 мм, 10 шт, кран шаровой для воды, фитинг для ППР труб
2025-06-12 02:51:42,146 - INFO - Обработка товара 9
2025-06-12 02:51:42,148 - INFO - Обработка URL товара: https://www.ozon.ru/product/kran-sharovoy-rommer-vr-vr-ruchka-rychag-3-4-rbv-0001-2110320-1410870112/?at=pZtp0WVzZc3YRMQOcAQQYWXcx81PZos74n2wPuPADlDq
2025-06-12 02:51:42,759 - INFO - Получение данных продавца по ссылке: https://www.ozon.ru/seller/1384222/
2025-06-12 02:51:45,298 - INFO - Нажата кнопка информации о продавце
2025-06-12 02:51:45,353 - INFO - Извлечены данные продавца: ООО ООО "ТЕХСТРОЙТОРГ"142032, Россия, Московская Область, г Домодедово, Сиреневая аллея, 1, д 1А, 3 ком. 11, ИНН: 235000056422
2025-06-12 02:51:45,355 - INFO - Данные о товаре собраны: Кран шаровой ROMMER ВР/ВР ручка рычаг 3/4 RBV-0001-2110320
2025-06-12 02:51:45,357 - INFO - Обработка товара 10
2025-06-12 02:51:45,358 - INFO - Обработка URL товара: https://www.ozon.ru/product/bugatti-kran-sharovoy-mini-vp-vr-ruchka-flazhok-nikelirovannyy-art-800-1-2-709738219/?at=6WtZ6vpoJF4Wx9lAHjW7wYDT411WnmCNx2OnKfkQXJZY
2025-06-12 02:51:46,002 - INFO - Получение данных продавца по ссылке: https://www.ozon.ru/seller/550121/
2025-06-12 02:51:48,543 - INFO - Нажата кнопка информации о продавце
2025-06-12 02:51:48,594 - INFO - Извлечены данные продавца: ООО ГК "АЛЬКОР"115477, Г.Москва, Москва, Кантемировская д.58,помещ.22/51, ИНН: 137746659533
2025-06-12 02:51:48,596 - INFO - Данные о товаре собраны: BUGATTI Кран шаровой, мини, ВP/ВР, ручка - флажок, никелированный, арт.800, 1/2"
2025-06-12 02:51:48,613 - INFO - Обработка товара 11
2025-06-12 02:51:48,614 - INFO - Обработка URL товара: https://www.ozon.ru/product/sharovoy-kran-rommer-rbv-0003-2110215-1-2-vn-vn-ruchka-babochka-1410819187/?at=ywtAPw8N3Inj19XniXJRZPjh1O8JoXhkDyY2xU8009MK
2025-06-12 02:51:49,219 - INFO - Получение данных продавца по ссылке: https://www.ozon.ru/seller/1384222/
2025-06-12 02:51:51,746 - INFO - Нажата кнопка информации о продавце
2025-06-12 02:51:51,806 - INFO - Извлечены данные продавца: ООО ООО "ТЕХСТРОЙТОРГ"142032, Россия, Московская Область, г Домодедово, Сиреневая аллея, 1, д 1А, 3 ком. 11, ИНН: 235000056422
2025-06-12 02:51:51,808 - INFO - Данные о товаре собраны: Шаровой кран ROMMER RBV-0003-2110215 1/2" ВН/ВН ручка бабочка
2025-06-12 02:51:51,809 - INFO - Обработка товара 12
2025-06-12 02:51:51,810 - INFO - Обработка URL товара: https://www.ozon.ru/product/sharovoy-kran-rommer-rbv-0004-2210215-1-2-vn-nr-ruchka-babochka-1410898273/?at=vQtrn5YWZFwRR0xDF1o1Vx4cnDDgQ2I70gE6Vi9j3Qo3
2025-06-12 02:51:52,443 - INFO - Получение данных продавца по ссылке: https://www.ozon.ru/seller/1384222/
2025-06-12 02:51:54,916 - INFO - Нажата кнопка информации о продавце
2025-06-12 02:51:54,974 - INFO - Извлечены данные продавца: ООО ООО "ТЕХСТРОЙТОРГ"142032, Россия, Московская Область, г Домодедово, Сиреневая аллея, 1, д 1А, 3 ком. 11, ИНН: 235000056422
2025-06-12 02:51:54,978 - INFO - Данные о товаре собраны: Шаровой кран ROMMER RBV-0004-2210215 1/2" ВН/НР ручка бабочка
2025-06-12 02:51:54,995 - INFO - Обработка товара 13
2025-06-12 02:51:54,996 - INFO - Обработка URL товара: https://www.ozon.ru/product/kran-sharovyy-bugatti-306-1-2-nv-ruchka-1309408987/?at=jYtZ4XBj0FOP1GPZhrkmZ42TvBw7kSvPMVrwUJrMxqA
2025-06-12 02:51:56,176 - INFO - Получение данных продавца по ссылке: https://www.ozon.ru/seller/1540933/
2025-06-12 02:51:58,603 - INFO - Нажата кнопка информации о продавце
2025-06-12 02:51:58,650 - INFO - Извлечены данные продавца: ИП Калантарян Лиана Жораевна, ИНН: 313344321400080
2025-06-12 02:51:58,653 - INFO - Данные о товаре собраны: Кран шаровый Bugatti (306) 1/2" НВ ручка
2025-06-12 02:51:58,654 - INFO - Обработка товара 14
2025-06-12 02:51:58,655 - INFO - Обработка URL товара: https://www.ozon.ru/product/kran-polipropilenovyy-25-mm-5-sht-kran-sharovoy-dlya-vody-fiting-dlya-ppr-trub-1580604438/?at=GRt2NRDJ9FLXB811CWRP9MjFGGjVL3CDzGynPS298K1M
2025-06-12 02:51:59,287 - INFO - Получение данных продавца по ссылке: https://www.ozon.ru/seller/1369103/
2025-06-12 02:52:01,764 - INFO - Нажата кнопка информации о продавце
2025-06-12 02:52:01,820 - INFO - Извлечены данные продавца: ООО "Р-СЕРВИС"129226, г. Москва, ул. Сельскохозяйственная, д.11, корп.3, эт.1, пом.II, ком.1 (РМ140)1, ИНН: 227700433850
2025-06-12 02:52:01,822 - INFO - Данные о товаре собраны: Кран полипропиленовый 25 мм, 5 шт, кран шаровой для воды, фитинг для ППР труб
2025-06-12 02:52:01,838 - INFO - Обработка товара 15
2025-06-12 02:52:01,839 - INFO - Обработка URL товара: https://www.ozon.ru/product/sharovoy-kran-1-2-dyuym-rtp-vn-nar-pn-25-latunnyy-ruchka-rychag-1832759439/?at=Y7tjWqn3XhxWDAJDhGA845xSXr9lD7tyPpz7pS7rN4OP
2025-06-12 02:52:02,550 - INFO - Получение данных продавца по ссылке: https://www.ozon.ru/seller/2503612/
2025-06-12 02:52:05,054 - INFO - Нажата кнопка информации о продавце
2025-06-12 02:52:05,120 - INFO - Извлечены данные продавца: ООО ООО "УК "ВОЛМАКС"140304, Россия, Московская Область, г Егорьевск, ул Антипова, д 48Б1, ИНН: 245000092083
2025-06-12 02:52:05,122 - INFO - Данные о товаре собраны: Шаровой кран 1/2 дюйм RTP вн/нар PN 25 латунный, ручка рычаг
2025-06-12 02:52:05,138 - INFO - Excel-файл сохранён: ozon_products.xlsx
2025-06-12 02:52:05,243 - INFO - Parsing completed successfully, file saved: ozon_products.xlsx
