2025-06-10 11:53:46,243 - INFO - Запуск парсера с запросом: смартфон, максимум товаров: 10
2025-06-10 11:53:46,243 - INFO - Инициализация браузера
2025-06-10 11:53:50,571 - INFO - Переход на сайт Ozon
2025-06-10 11:53:56,181 - INFO - Ввод поискового запроса: смартфон
2025-06-10 11:54:02,880 - INFO - Поисковый запрос отправлен
2025-06-10 11:54:02,883 - INFO - Браузер успешно открыт
2025-06-10 11:54:02,884 - INFO - Сбор ссылок на товары
2025-06-10 11:54:02,884 - INFO - Начало прокрутки страницы для сбора ссылок на товары
2025-06-10 11:54:04,183 - INFO - Собрано ссылок на товары: 24
2025-06-10 11:54:04,183 - INFO - Достигнут целевой лимит: 10 товаров
2025-06-10 11:54:04,183 - INFO - Прокрутка завершена, собрано ссылок: 10
2025-06-10 11:54:04,183 - INFO - Найдено товаров: 10
2025-06-10 11:54:04,183 - INFO - Достигнут лимит max_products: 10
2025-06-10 11:54:04,193 - INFO - Рабочая вкладка открыта
2025-06-10 11:54:04,193 - INFO - Начало сбора данных о товарах
2025-06-10 11:54:04,193 - INFO - Начало сбора данных для 10 ссылок
2025-06-10 11:54:04,193 - INFO - Обработка товара 1
2025-06-10 11:54:04,193 - INFO - Обработка URL товара: https://www.ozon.ru/product/redmi-smartfon-redmi13-rostest-eac-8-256-gb-chernyy-1970797104/?at=QktJ1KmRMcW4klOHGNxJBmSO1ONE0s67jK5msRQPmEn
2025-06-10 11:54:04,842 - INFO - Получение данных продавца по ссылке: https://www.ozon.ru/seller/2749199/
2025-06-10 11:54:06,656 - INFO - Нажата кнопка информации о продавце
2025-06-10 11:54:06,717 - INFO - Извлечены данные продавца: ИП Фу Шоули; 325665800057835
2025-06-10 11:54:06,717 - INFO - Данные о товаре собраны: Redmi Смартфон redmi13 Ростест (EAC) 8/256 ГБ, черный
2025-06-10 11:54:06,717 - INFO - Обработка товара 2
2025-06-10 11:54:06,717 - INFO - Обработка URL товара: https://www.ozon.ru/product/gk-retail-smartfon-rostest-eac-16-1-tb-temno-seryy-chernyy-1787663051/?at=ywtAPQE4qu1go3nFgO8mPZUXNlr7KHyYNgVjFoxjBDp
2025-06-10 11:54:08,189 - INFO - Получение данных продавца по ссылке: https://www.ozon.ru/seller/1713457/
2025-06-10 11:54:09,672 - INFO - Нажата кнопка информации о продавце
2025-06-10 11:54:09,725 - INFO - Извлечены данные продавца: ИП Каширина Галина Викторовна; 324010000003051
2025-06-10 11:54:09,725 - INFO - Данные о товаре собраны: GK Retail Смартфон Ростест (EAC) 16/1 ТБ, темно-серый, черный
2025-06-10 11:54:09,725 - INFO - Запись 2 товаров в Excel
2025-06-10 11:54:09,725 - INFO - Запись данных в Excel-файл: ozon_products.xlsx
2025-06-10 11:54:09,747 - INFO - Excel-файл сохранён: ozon_products.xlsx
2025-06-10 11:54:09,747 - INFO - Обработка товара 3
2025-06-10 11:54:09,747 - INFO - Обработка URL товара: https://www.ozon.ru/product/tecno-smartfon-pova-6-pro-5g-rostest-eac-12-256-gb-chernyy-1469526277/?at=nRtrZ1QWAHEE53yyukMOE9xsW0Yw37iNXrY8oSAkEQR4
2025-06-10 11:54:10,408 - INFO - Получение данных продавца по ссылке: https://www.ozon.ru/seller/1452131/
2025-06-10 11:54:11,799 - INFO - Нажата кнопка информации о продавце
2025-06-10 11:54:11,845 - INFO - Извлечены данные продавца: ООО ООО "КИБЕР ЭНЕРДЖИ"127238, Россия, Москва, г Москва, Дмитровское шоссе, к 2, д; 321237700690864
2025-06-10 11:54:11,845 - INFO - Данные о товаре собраны: Tecno Смартфон POVA 6 Pro 5G Ростест (EAC) 12/256 ГБ, черный
2025-06-10 11:54:11,845 - INFO - Обработка товара 4
2025-06-10 11:54:11,845 - INFO - Обработка URL товара: https://www.ozon.ru/product/oppo-smartfon-a5-pro-rostest-eac-8-256-gb-korichnevyy-1933995627/?at=GRt2NPo8KSEAxjmOs847gG9fRngo8ws7nZjY0Ip9m0jD
2025-06-10 11:54:12,497 - INFO - Получение данных продавца по ссылке: https://www.ozon.ru/seller/171048/
2025-06-10 11:54:13,982 - INFO - Нажата кнопка информации о продавце
2025-06-10 11:54:14,030 - INFO - Извлечены данные продавца: ООО ДС КОММЬЮНИКЕЙШНг. Москва, ул. Ленинская Слобода, д. 19 этаж 3 Ч. к. 21Ф1; 177746805708
2025-06-10 11:54:14,030 - INFO - Данные о товаре собраны: OPPO Смартфон A5 Pro Ростест (EAC) 8/256 ГБ, коричневый
2025-06-10 11:54:14,030 - INFO - Запись 4 товаров в Excel
2025-06-10 11:54:14,030 - INFO - Запись данных в Excel-файл: ozon_products.xlsx
2025-06-10 11:54:14,034 - INFO - Excel-файл сохранён: ozon_products.xlsx
2025-06-10 11:54:14,034 - INFO - Обработка товара 5
2025-06-10 11:54:14,034 - INFO - Обработка URL товара: https://www.ozon.ru/product/tecno-smartfon-pop-7-sim-karta-megafon-2-64-gb-chernyy-1657216721/?at=jYtZ4wkOKCMAZ1jpC1jNEk6tVPNjWnur80KmLuwjY6nz
2025-06-10 11:54:14,698 - INFO - Получение данных продавца по ссылке: https://www.ozon.ru/seller/568238/
2025-06-10 11:54:16,185 - INFO - Нажата кнопка информации о продавце
2025-06-10 11:54:16,267 - INFO - Извлечены данные продавца: АО АО "МЕГАФОН РИТЕЙЛ"
2025-06-10 11:54:16,267 - INFO - Данные о товаре собраны: Tecno Смартфон POP 7+SIM-карта МегаФон 2/64 ГБ, черный
2025-06-10 11:54:16,268 - INFO - Обработка товара 6
2025-06-10 11:54:16,268 - INFO - Обработка URL товара: https://www.ozon.ru/product/realme-smartfon-realme-note-60-rostest-eac-4-128-gb-goluboy-1773407493/?at=Z8tXqwyjrFl3E4q6UVBo8JNfxQ731jCGQnJrgsZoX7Yn
2025-06-10 11:54:17,303 - INFO - Получение данных продавца по ссылке: https://www.ozon.ru/seller/529384/
2025-06-10 11:54:19,702 - INFO - Нажата кнопка информации о продавце
2025-06-10 11:54:19,756 - INFO - Извлечены данные продавца: Wuhan Minghe Technology Co., Ltd
2025-06-10 11:54:19,756 - INFO - Данные о товаре собраны: realme Смартфон realme Note 60 Ростест (EAC) 4/128 ГБ, голубой
2025-06-10 11:54:19,756 - INFO - Запись 6 товаров в Excel
2025-06-10 11:54:19,756 - INFO - Запись данных в Excel-файл: ozon_products.xlsx
2025-06-10 11:54:19,763 - INFO - Excel-файл сохранён: ozon_products.xlsx
2025-06-10 11:54:19,763 - INFO - Обработка товара 7
2025-06-10 11:54:19,763 - INFO - Обработка URL товара: https://www.ozon.ru/product/oppo-smartfon-a3x-rostest-eac-4-128-gb-bordovyy-1699432008/?at=vQtrnPolpHjM8owVfN47v6jfRwMz2VCDpDPA3T9xVJpY
2025-06-10 11:54:20,493 - INFO - Получение данных продавца по ссылке: https://www.ozon.ru/seller/171048/
2025-06-10 11:54:22,062 - INFO - Нажата кнопка информации о продавце
2025-06-10 11:54:22,129 - INFO - Извлечены данные продавца: ООО ДС КОММЬЮНИКЕЙШНг. Москва, ул. Ленинская Слобода, д. 19 этаж 3 Ч. к. 21Ф1; 177746805708
2025-06-10 11:54:22,129 - INFO - Данные о товаре собраны: OPPO Смартфон A3x Ростест (EAC) 4/128 ГБ, бордовый
2025-06-10 11:54:22,129 - INFO - Обработка товара 8
2025-06-10 11:54:22,129 - INFO - Обработка URL товара: https://www.ozon.ru/product/oppo-smartfon-a3x-rostest-eac-4-128-gb-lazurnyy-1699428524/?at=J8tgW2Pn3s3B3j4VC64vvv0c0X74YQupNy61PcOORvoj
2025-06-10 11:54:22,831 - INFO - Получение данных продавца по ссылке: https://www.ozon.ru/seller/171048/
2025-06-10 11:54:24,291 - INFO - Нажата кнопка информации о продавце
2025-06-10 11:54:24,357 - INFO - Извлечены данные продавца: ООО ДС КОММЬЮНИКЕЙШНг. Москва, ул. Ленинская Слобода, д. 19 этаж 3 Ч. к. 21Ф1; 177746805708
2025-06-10 11:54:24,357 - INFO - Данные о товаре собраны: OPPO Смартфон A3x Ростест (EAC) 4/128 ГБ, лазурный
2025-06-10 11:54:24,357 - INFO - Запись 8 товаров в Excel
2025-06-10 11:54:24,357 - INFO - Запись данных в Excel-файл: ozon_products.xlsx
2025-06-10 11:54:24,362 - INFO - Excel-файл сохранён: ozon_products.xlsx
2025-06-10 11:54:24,362 - INFO - Обработка товара 9
2025-06-10 11:54:24,362 - INFO - Обработка URL товара: https://www.ozon.ru/product/realme-smartfon-note-60x-rostest-eac-3-64-gb-chernyy-1771387609/?at=NOtwqQ16DcLLJQQQHRNvYgVCpo28RZH5n5lKrhmK17gE
2025-06-10 11:54:25,047 - INFO - Получение данных продавца по ссылке: https://www.ozon.ru/seller/216243/
2025-06-10 11:54:26,526 - INFO - Нажата кнопка информации о продавце
2025-06-10 11:54:26,571 - INFO - Извлечены данные продавца: ООО ООО "РМ КОММЬЮНИКЕЙШН"115280, г. Москва, вн.тер.г. Муниципальный округ Даниловский, улица Ленинская Слобода, Д. 19, помещение 21В/1H/5.1; 197746267355
2025-06-10 11:54:26,571 - INFO - Данные о товаре собраны: realme Смартфон Note 60X Ростест (EAC) 3/64 ГБ, черный
2025-06-10 11:54:26,571 - INFO - Обработка товара 10
2025-06-10 11:54:26,571 - INFO - Обработка URL товара: https://www.ozon.ru/product/cubot-smartfon-max5-global-24-256-gb-chernyy-1813742165/?at=QktJ1KmRMcKRzMDDH52GpM9UZNO0N6SvN3o8JIAEnD8
2025-06-10 11:54:27,315 - INFO - Получение данных продавца по ссылке: https://www.ozon.ru/seller/1863010/
2025-06-10 11:54:29,145 - INFO - Нажата кнопка информации о продавце
2025-06-10 11:54:29,208 - INFO - Извлечены данные продавца: HUNCHUN HUIDUODUO E-COMMERCE CO.,LTD
2025-06-10 11:54:29,208 - INFO - Данные о товаре собраны: Cubot Смартфон MAX5 Global 24/256 ГБ, черный
2025-06-10 11:54:29,208 - INFO - Запись 10 товаров в Excel
2025-06-10 11:54:29,208 - INFO - Запись данных в Excel-файл: ozon_products.xlsx
2025-06-10 11:54:29,216 - INFO - Excel-файл сохранён: ozon_products.xlsx
2025-06-10 11:54:29,216 - INFO - Запись оставшихся товаров в Excel
2025-06-10 11:54:29,216 - INFO - Запись данных в Excel-файл: ozon_products.xlsx
2025-06-10 11:54:29,221 - INFO - Excel-файл сохранён: ozon_products.xlsx
2025-06-10 11:54:29,221 - INFO - Сбор данных завершён
2025-06-10 11:54:29,221 - INFO - Сбор данных завершён
2025-06-10 11:54:29,221 - INFO - Excel-файл сохранён: ozon_products.xlsx
2025-06-10 11:54:29,310 - INFO - Рабочая вкладка закрыта
2025-06-10 11:54:29,318 - WARNING - Ошибка при закрытии драйвера: Message: invalid session id
Stacktrace:
0   undetected_chromedriver             0x0000000102bbd728 undetected_chromedriver + 5891880
1   undetected_chromedriver             0x0000000102bb4e7a undetected_chromedriver + 5856890
2   undetected_chromedriver             0x0000000102685243 undetected_chromedriver + 418371
3   undetected_chromedriver             0x00000001026c870f undetected_chromedriver + 694031
4   undetected_chromedriver             0x00000001026fd3e6 undetected_chromedriver + 910310
5   undetected_chromedriver             0x00000001026f7dbd undetected_chromedriver + 888253
6   undetected_chromedriver             0x00000001026f6f57 undetected_chromedriver + 884567
7   undetected_chromedriver             0x000000010264e77f undetected_chromedriver + 194431
8   undetected_chromedriver             0x0000000102b7b4d0 undetected_chromedriver + 5620944
9   undetected_chromedriver             0x0000000102b7f45f undetected_chromedriver + 5637215
10  undetected_chromedriver             0x0000000102b568e2 undetected_chromedriver + 5470434
11  undetected_chromedriver             0x0000000102b7fdcf undetected_chromedriver + 5639631
12  undetected_chromedriver             0x0000000102b450a4 undetected_chromedriver + 5398692
13  undetected_chromedriver             0x000000010264c957 undetected_chromedriver + 186711
14  dyld                                0x0000000203934530 start + 3056

2025-06-10 11:54:29,351 - INFO - Сборка мусора завершена
